Using pre-set license
Built from '2020.3/staging' branch; Version is '2020.3.0f1 (c7b5465681fb) revision 13088070'; Using compiler version '192528614'; Build Type 'Release'
OS: 'Windows 10 Pro; OS build 19042.868; Version 2009; 64bit' Language: 'ko' Physical Memory: 7973 MB
BatchMode: 1, IsHumanControllingUs: 0, StartBugReporterOnCrash: 0, Is64bit: 1, IsPro: 0

 COMMAND LINE ARGUMENTS:
C:\Program Files\Unity\Hub\Editor\2020.3.0f1\Editor\Unity.exe
-adb2
-batchMode
-noUpm
-name
AssetImportWorker0
-projectPath
C:/unityProject/RPG
-logFile
Logs/AssetImportWorker0.log
-srvPort
14560
Successfully changed project path to: C:/unityProject/RPG
C:/unityProject/RPG
Using Asset Import Pipeline V2.
Refreshing native plugins compatible for Editor in 312.83 ms, found 1 plugins.
Preloading 0 native plugins for Editor in 0.00 ms.
Initialize engine version: 2020.3.0f1 (c7b5465681fb)
[Subsystems] Discovering subsystems at path C:/Program Files/Unity/Hub/Editor/2020.3.0f1/Editor/Data/Resources/UnitySubsystems
[Subsystems] Discovering subsystems at path C:/unityProject/RPG/Assets
GfxDevice: creating device client; threaded=0
Direct3D:
    Version:  Direct3D 11.0 [level 11.1]
    Renderer: Intel(R) UHD Graphics (ID=0x9b41)
    Vendor:   
    VRAM:     3986 MB
    Driver:   26.20.100.7870
Initialize mono
Mono path[0] = 'C:/Program Files/Unity/Hub/Editor/2020.3.0f1/Editor/Data/Managed'
Mono path[1] = 'C:/Program Files/Unity/Hub/Editor/2020.3.0f1/Editor/Data/MonoBleedingEdge/lib/mono/unityjit'
Mono config path = 'C:/Program Files/Unity/Hub/Editor/2020.3.0f1/Editor/Data/MonoBleedingEdge/etc'
Using monoOptions --debugger-agent=transport=dt_socket,embedding=1,server=y,suspend=n,address=127.0.0.1:56344
Begin MonoManager ReloadAssembly
Registering precompiled unity dll's ...
Register platform support module: C:/Program Files/Unity/Hub/Editor/2020.3.0f1/Editor/Data/PlaybackEngines/WebGLSupport/UnityEditor.WebGL.Extensions.dll
Register platform support module: C:/Program Files/Unity/Hub/Editor/2020.3.0f1/Editor/Data/PlaybackEngines/WindowsStandaloneSupport/UnityEditor.WindowsStandalone.Extensions.dll
Registered in 0.081120 seconds.
Native extension for WindowsStandalone target not found
Native extension for WebGL target not found
Refreshing native plugins compatible for Editor in 106.37 ms, found 1 plugins.
Preloading 0 native plugins for Editor in 0.00 ms.
Invoked RoslynAnalysisRunner static constructor.
RoslynAnalysisRunner will not be running.
RoslynAnalysisRunner has terminated.
Mono: successfully reloaded assembly
- Completed reload, in  3.817 seconds
Platform modules already initialized, skipping
Registering precompiled user dll's ...
Registered in 0.003097 seconds.
Begin MonoManager ReloadAssembly
Native extension for WindowsStandalone target not found
Native extension for WebGL target not found
Refreshing native plugins compatible for Editor in 74.52 ms, found 1 plugins.
Preloading 0 native plugins for Editor in 0.00 ms.
Invoked RoslynAnalysisRunner static constructor.
RoslynAnalysisRunner will not be running.
RoslynAnalysisRunner has terminated.
Mono: successfully reloaded assembly
- Completed reload, in  3.544 seconds
Platform modules already initialized, skipping
========================================================================
Worker process is ready to serve import requests
Launched and connected shader compiler UnityShaderCompiler.exe after 0.11 seconds
Refreshing native plugins compatible for Editor in 0.69 ms, found 1 plugins.
Preloading 0 native plugins for Editor in 0.00 ms.
Unloading 1807 Unused Serialized files (Serialized files now loaded: 0)
System memory in use before: 84.6 MB.
System memory in use after: 84.6 MB.

Unloading 24 unused Assets to reduce memory usage. Loaded Objects now: 2249.
Total: 4.102800 ms (FindLiveObjects: 0.453400 ms CreateObjectMapping: 0.181500 ms MarkObjects: 3.256700 ms  DeleteObjects: 0.209500 ms)

========================================================================
Received Import Request.
  path: Assets/TilePalettes
  artifactKey: Guid(ee5007ffe7932bb4088dad17ce3de4cc) Importer(815301076,1909f56bfc062723c751e8b465ee728b)
Start importing Assets/TilePalettes using Guid(ee5007ffe7932bb4088dad17ce3de4cc) Importer(815301076,1909f56bfc062723c751e8b465ee728b)  -> (artifact id: '84748c4d34a7e8fed588949012359f6a') in 0.015976 seconds
  Import took 0.021757 seconds .

========================================================================
Received Import Request.
  Time since last request: 2973.249653 seconds.
  path: Assets/Sprites/Objects/OutdoorsObjects.png
  artifactKey: Guid(4158c1fad57c9aa4295257f4ce869552) Importer(815301076,1909f56bfc062723c751e8b465ee728b)
Start importing Assets/Sprites/Objects/OutdoorsObjects.png using Guid(4158c1fad57c9aa4295257f4ce869552) Importer(815301076,1909f56bfc062723c751e8b465ee728b)  -> (artifact id: '7e0cca3cc320ef1f92b664b748d86f3b') in 0.140032 seconds
  Import took 0.144266 seconds .

========================================================================
Received Import Request.
  Time since last request: 13.463801 seconds.
  path: Assets/Sprites/Objects/OutdoorsObjects.png
  artifactKey: Guid(4158c1fad57c9aa4295257f4ce869552) Importer(815301076,1909f56bfc062723c751e8b465ee728b)
Start importing Assets/Sprites/Objects/OutdoorsObjects.png using Guid(4158c1fad57c9aa4295257f4ce869552) Importer(815301076,1909f56bfc062723c751e8b465ee728b)  -> (artifact id: '84348ae944a1b9cce1abe4c8f57e8aae') in 0.099177 seconds
  Import took 0.103252 seconds .

========================================================================
Received Import Request.
  Time since last request: 10.193381 seconds.
  path: Assets/Sprites/Tiles
  artifactKey: Guid(7fb34b3265451dd458a61004747ca18f) Importer(815301076,1909f56bfc062723c751e8b465ee728b)
Start importing Assets/Sprites/Tiles using Guid(7fb34b3265451dd458a61004747ca18f) Importer(815301076,1909f56bfc062723c751e8b465ee728b)  -> (artifact id: '202dbb8acfe3ff680b40116f1936defb') in 0.005672 seconds
  Import took 0.009229 seconds .

========================================================================
Received Import Request.
  Time since last request: 10.683128 seconds.
  path: Assets/Sprites/Tiles/Objects
  artifactKey: Guid(6d8385363d64b3749a5780479b60017d) Importer(815301076,1909f56bfc062723c751e8b465ee728b)
Start importing Assets/Sprites/Tiles/Objects using Guid(6d8385363d64b3749a5780479b60017d) Importer(815301076,1909f56bfc062723c751e8b465ee728b)  -> (artifact id: '21ad8f91a8fb732e0b2c45601c180f0f') in 0.010237 seconds
  Import took 0.013510 seconds .

========================================================================
Received Import Request.
  Time since last request: 6.465501 seconds.
  path: Assets/Sprites/Tiles/Outdoors
  artifactKey: Guid(bf9eefc2d4178fa4886a03ed97df3aa9) Importer(815301076,1909f56bfc062723c751e8b465ee728b)
Start importing Assets/Sprites/Tiles/Outdoors using Guid(bf9eefc2d4178fa4886a03ed97df3aa9) Importer(815301076,1909f56bfc062723c751e8b465ee728b)  -> (artifact id: '47223224431017fc64c1a080bfe7bc21') in 0.006864 seconds
  Import took 0.010705 seconds .

========================================================================
Received Import Request.
  Time since last request: 893.473042 seconds.
  path: Assets/Sprites/Tiles/Objects/Outdoor Tiles.prefab
  artifactKey: Guid(5a6553e433d2ce941b0a6ea3ae0b7f8f) Importer(815301076,1909f56bfc062723c751e8b465ee728b)
Start importing Assets/Sprites/Tiles/Objects/Outdoor Tiles.prefab using Guid(5a6553e433d2ce941b0a6ea3ae0b7f8f) Importer(815301076,1909f56bfc062723c751e8b465ee728b)  -> (artifact id: '0c0646eb00369156e15d0d0d8cbc17e6') in 0.017816 seconds
  Import took 0.023132 seconds .

========================================================================
Received Import Request.
  Time since last request: 161.012564 seconds.
  path: Assets/TilePalettes/Outdoor Tiles.prefab
  artifactKey: Guid(a2ed94359ed8c594d8a31c211b7a42f7) Importer(815301076,1909f56bfc062723c751e8b465ee728b)
Start importing Assets/TilePalettes/Outdoor Tiles.prefab using Guid(a2ed94359ed8c594d8a31c211b7a42f7) Importer(815301076,1909f56bfc062723c751e8b465ee728b)  -> (artifact id: '40fd52d7ccc9b34560e78286c3258307') in 0.006043 seconds
  Import took 0.010122 seconds .

========================================================================
Received Import Request.
  Time since last request: 384.558943 seconds.
  path: Assets/Sprites/Tiles/Outdoors/OutdoorsGround_0.asset
  artifactKey: Guid(24852e890d9748e428f3cf8087f1c781) Importer(815301076,1909f56bfc062723c751e8b465ee728b)
Start importing Assets/Sprites/Tiles/Outdoors/OutdoorsGround_0.asset using Guid(24852e890d9748e428f3cf8087f1c781) Importer(815301076,1909f56bfc062723c751e8b465ee728b)  -> (artifact id: '228199a35918f9146492017d4ab9d85c') in 0.066614 seconds
  Import took 0.071230 seconds .

========================================================================
Received Import Request.
  Time since last request: 0.000382 seconds.
  path: Assets/Sprites/Tiles/Outdoors/OutdoorsGround_17.asset
  artifactKey: Guid(a21f69ec7fd2bbc4ab64946a584b1fac) Importer(815301076,1909f56bfc062723c751e8b465ee728b)
Start importing Assets/Sprites/Tiles/Outdoors/OutdoorsGround_17.asset using Guid(a21f69ec7fd2bbc4ab64946a584b1fac) Importer(815301076,1909f56bfc062723c751e8b465ee728b)  -> (artifact id: '4f8c6bfe235bbc28d84eed2403d150f3') in 0.012617 seconds
  Import took 0.015953 seconds .

========================================================================
Received Import Request.
  Time since last request: 0.000570 seconds.
  path: Assets/Sprites/Tiles/Outdoors/OutdoorsGround_13.asset
  artifactKey: Guid(f2de0642cbf380546b5eac299fef3a0b) Importer(815301076,1909f56bfc062723c751e8b465ee728b)
Start importing Assets/Sprites/Tiles/Outdoors/OutdoorsGround_13.asset using Guid(f2de0642cbf380546b5eac299fef3a0b) Importer(815301076,1909f56bfc062723c751e8b465ee728b)  -> (artifact id: '5a9ce6059b2e309af7cc3815318b6851') in 0.013258 seconds
  Import took 0.018426 seconds .

========================================================================
Received Import Request.
  Time since last request: 0.000553 seconds.
  path: Assets/Sprites/Tiles/Outdoors/OutdoorsGround_19.asset
  artifactKey: Guid(1153ac15220f1204f9d4c91a8b6a3a2f) Importer(815301076,1909f56bfc062723c751e8b465ee728b)
Start importing Assets/Sprites/Tiles/Outdoors/OutdoorsGround_19.asset using Guid(1153ac15220f1204f9d4c91a8b6a3a2f) Importer(815301076,1909f56bfc062723c751e8b465ee728b)  -> (artifact id: '18110f65b0b8486ada7b68953ef63c57') in 0.015145 seconds
  Import took 0.019872 seconds .

========================================================================
Received Import Request.
  Time since last request: 0.000275 seconds.
  path: Assets/Sprites/Tiles/Outdoors/OutdoorsGround_2.asset
  artifactKey: Guid(eac2bbc7fff190643ad93a0bfc1aefb5) Importer(815301076,1909f56bfc062723c751e8b465ee728b)
Start importing Assets/Sprites/Tiles/Outdoors/OutdoorsGround_2.asset using Guid(eac2bbc7fff190643ad93a0bfc1aefb5) Importer(815301076,1909f56bfc062723c751e8b465ee728b)  -> (artifact id: '7ccf8090c62edfd1480d9b358871c935') in 0.020337 seconds
  Import took 0.024911 seconds .

========================================================================
Received Import Request.
  Time since last request: 0.000798 seconds.
  path: Assets/Sprites/Tiles/Outdoors/OutdoorsGround_1.asset
  artifactKey: Guid(aeea4a87757f11845a328473465ca1ea) Importer(815301076,1909f56bfc062723c751e8b465ee728b)
Start importing Assets/Sprites/Tiles/Outdoors/OutdoorsGround_1.asset using Guid(aeea4a87757f11845a328473465ca1ea) Importer(815301076,1909f56bfc062723c751e8b465ee728b)  -> (artifact id: '3786489ec44b430c32177edf7d148d08') in 0.012792 seconds
  Import took 0.019486 seconds .

========================================================================
Received Import Request.
  Time since last request: 0.000353 seconds.
  path: Assets/Sprites/Tiles/Outdoors/OutdoorsGround_24.asset
  artifactKey: Guid(8bd2dab67396f244b8abae283f7e750a) Importer(815301076,1909f56bfc062723c751e8b465ee728b)
Start importing Assets/Sprites/Tiles/Outdoors/OutdoorsGround_24.asset using Guid(8bd2dab67396f244b8abae283f7e750a) Importer(815301076,1909f56bfc062723c751e8b465ee728b)  -> (artifact id: 'd90a52e43ec37523f3117ba9677438d2') in 0.017195 seconds
  Import took 0.020689 seconds .

========================================================================
Received Import Request.
  Time since last request: 0.000542 seconds.
  path: Assets/Sprites/Tiles/Outdoors/OutdoorsGround_3.asset
  artifactKey: Guid(5ea2ec626a27f49428d42a9ee339b21e) Importer(815301076,1909f56bfc062723c751e8b465ee728b)
Start importing Assets/Sprites/Tiles/Outdoors/OutdoorsGround_3.asset using Guid(5ea2ec626a27f49428d42a9ee339b21e) Importer(815301076,1909f56bfc062723c751e8b465ee728b)  -> (artifact id: '17dff31c3ff713c4a44c66da712dcf70') in 0.015800 seconds
  Import took 0.022323 seconds .

========================================================================
Received Import Request.
  Time since last request: 0.000339 seconds.
  path: Assets/Sprites/Tiles/Outdoors/OutdoorsGround_5.asset
  artifactKey: Guid(f89bece77db0c2249ba78168344e530f) Importer(815301076,1909f56bfc062723c751e8b465ee728b)
Start importing Assets/Sprites/Tiles/Outdoors/OutdoorsGround_5.asset using Guid(f89bece77db0c2249ba78168344e530f) Importer(815301076,1909f56bfc062723c751e8b465ee728b)  -> (artifact id: '551260fd0aff3826b8dfd5b9cebd930f') in 0.015000 seconds
  Import took 0.019772 seconds .

========================================================================
Received Import Request.
  Time since last request: 0.000548 seconds.
  path: Assets/Sprites/Tiles/Outdoors/OutdoorsGround_11.asset
  artifactKey: Guid(d16c2698278482645b7fe7a76c8bce9e) Importer(815301076,1909f56bfc062723c751e8b465ee728b)
Start importing Assets/Sprites/Tiles/Outdoors/OutdoorsGround_11.asset using Guid(d16c2698278482645b7fe7a76c8bce9e) Importer(815301076,1909f56bfc062723c751e8b465ee728b)  -> (artifact id: '86243ac37e253d8912ec04ed063b3d34') in 0.014907 seconds
  Import took 0.019619 seconds .

========================================================================
Received Import Request.
  Time since last request: 0.000400 seconds.
  path: Assets/Sprites/Tiles/Outdoors/OutdoorsGround_7.asset
  artifactKey: Guid(fb2fd8ff9d7cce34ead036f6b78449cf) Importer(815301076,1909f56bfc062723c751e8b465ee728b)
Start importing Assets/Sprites/Tiles/Outdoors/OutdoorsGround_7.asset using Guid(fb2fd8ff9d7cce34ead036f6b78449cf) Importer(815301076,1909f56bfc062723c751e8b465ee728b)  -> (artifact id: 'b09a499d18c520ba11188a5c73fc915a') in 0.014044 seconds
  Import took 0.018253 seconds .

========================================================================
Received Import Request.
  Time since last request: 0.000527 seconds.
  path: Assets/Sprites/Tiles/Outdoors/OutdoorsGround_9.asset
  artifactKey: Guid(78141308fed70cb4c92d5714295058fa) Importer(815301076,1909f56bfc062723c751e8b465ee728b)
Start importing Assets/Sprites/Tiles/Outdoors/OutdoorsGround_9.asset using Guid(78141308fed70cb4c92d5714295058fa) Importer(815301076,1909f56bfc062723c751e8b465ee728b)  -> (artifact id: '7473d81b1ba68f2c3173219210c144e8') in 0.015192 seconds
  Import took 0.022450 seconds .

========================================================================
Received Import Request.
  Time since last request: 0.000504 seconds.
  path: Assets/Sprites/Tiles/Outdoors/OutdoorsGround_12.asset
  artifactKey: Guid(c5e4339032f07a44ea15ec0430a113ae) Importer(815301076,1909f56bfc062723c751e8b465ee728b)
Start importing Assets/Sprites/Tiles/Outdoors/OutdoorsGround_12.asset using Guid(c5e4339032f07a44ea15ec0430a113ae) Importer(815301076,1909f56bfc062723c751e8b465ee728b)  -> (artifact id: '7986d24521f5aa0deb15baf94447a7d9') in 0.015443 seconds
  Import took 0.019553 seconds .

========================================================================
Received Import Request.
  Time since last request: 0.000489 seconds.
  path: Assets/Sprites/Tiles/Outdoors/OutdoorsGround_21.asset
  artifactKey: Guid(a0a2ea722af82bb4e9fd7c6975e39bab) Importer(815301076,1909f56bfc062723c751e8b465ee728b)
Start importing Assets/Sprites/Tiles/Outdoors/OutdoorsGround_21.asset using Guid(a0a2ea722af82bb4e9fd7c6975e39bab) Importer(815301076,1909f56bfc062723c751e8b465ee728b)  -> (artifact id: '5b31140dd53e59be6a1841f5ddc95c70') in 0.016460 seconds
  Import took 0.020092 seconds .

========================================================================
Received Import Request.
  Time since last request: 0.000576 seconds.
  path: Assets/Sprites/Tiles/Outdoors/OutdoorsGround_15.asset
  artifactKey: Guid(4c3bd21433ce96e458e4c351d6551f05) Importer(815301076,1909f56bfc062723c751e8b465ee728b)
Start importing Assets/Sprites/Tiles/Outdoors/OutdoorsGround_15.asset using Guid(4c3bd21433ce96e458e4c351d6551f05) Importer(815301076,1909f56bfc062723c751e8b465ee728b)  -> (artifact id: '4863363b2a9c34c22560a4cdc39adc97') in 0.017484 seconds
  Import took 0.022701 seconds .

========================================================================
Received Import Request.
  Time since last request: 0.000517 seconds.
  path: Assets/Sprites/Tiles/Outdoors/OutdoorsGround_18.asset
  artifactKey: Guid(fd1bac1933db59a46a02246daf8e0ce8) Importer(815301076,1909f56bfc062723c751e8b465ee728b)
Start importing Assets/Sprites/Tiles/Outdoors/OutdoorsGround_18.asset using Guid(fd1bac1933db59a46a02246daf8e0ce8) Importer(815301076,1909f56bfc062723c751e8b465ee728b)  -> (artifact id: 'c7c11929017aeaf99a6811c0e4ec1fd1') in 0.011698 seconds
  Import took 0.017920 seconds .

========================================================================
Received Import Request.
  Time since last request: 0.000362 seconds.
  path: Assets/Sprites/Tiles/Outdoors/OutdoorsGround_23.asset
  artifactKey: Guid(6fb7a941f02156a458532b545543175f) Importer(815301076,1909f56bfc062723c751e8b465ee728b)
Start importing Assets/Sprites/Tiles/Outdoors/OutdoorsGround_23.asset using Guid(6fb7a941f02156a458532b545543175f) Importer(815301076,1909f56bfc062723c751e8b465ee728b)  -> (artifact id: 'e8788f7388a9f97e57810702afec5fda') in 0.016321 seconds
  Import took 0.022146 seconds .

========================================================================
Received Import Request.
  Time since last request: 0.000232 seconds.
  path: Assets/Sprites/Tiles/Outdoors/OutdoorsGround_22.asset
  artifactKey: Guid(a1db67716adb7c742b084018b450f679) Importer(815301076,1909f56bfc062723c751e8b465ee728b)
Start importing Assets/Sprites/Tiles/Outdoors/OutdoorsGround_22.asset using Guid(a1db67716adb7c742b084018b450f679) Importer(815301076,1909f56bfc062723c751e8b465ee728b)  -> (artifact id: 'a6920495592febf7c6b84b27431149f0') in 0.015462 seconds
  Import took 0.020129 seconds .

========================================================================
Received Import Request.
  Time since last request: 0.000399 seconds.
  path: Assets/Sprites/Tiles/Outdoors/OutdoorsGround_8.asset
  artifactKey: Guid(510eff3127b5a824f9cef819039dfa69) Importer(815301076,1909f56bfc062723c751e8b465ee728b)
Start importing Assets/Sprites/Tiles/Outdoors/OutdoorsGround_8.asset using Guid(510eff3127b5a824f9cef819039dfa69) Importer(815301076,1909f56bfc062723c751e8b465ee728b)  -> (artifact id: '24c7e6bd6530a14ad301690e10f37fe6') in 0.015139 seconds
  Import took 0.021622 seconds .

========================================================================
Received Import Request.
  Time since last request: 0.000471 seconds.
  path: Assets/Sprites/Tiles/Outdoors/OutdoorsGround_10.asset
  artifactKey: Guid(b22a1d378ff7b4b418e84c237a17fe08) Importer(815301076,1909f56bfc062723c751e8b465ee728b)
Start importing Assets/Sprites/Tiles/Outdoors/OutdoorsGround_10.asset using Guid(b22a1d378ff7b4b418e84c237a17fe08) Importer(815301076,1909f56bfc062723c751e8b465ee728b)  -> (artifact id: 'bb6302561553dd00b95e93afd496b45e') in 0.021120 seconds
  Import took 0.026731 seconds .

========================================================================
Received Import Request.
  Time since last request: 0.000506 seconds.
  path: Assets/Sprites/Tiles/Outdoors/OutdoorsGround_4.asset
  artifactKey: Guid(e8415f79ee9d31a45a4ec730f98daa8e) Importer(815301076,1909f56bfc062723c751e8b465ee728b)
Start importing Assets/Sprites/Tiles/Outdoors/OutdoorsGround_4.asset using Guid(e8415f79ee9d31a45a4ec730f98daa8e) Importer(815301076,1909f56bfc062723c751e8b465ee728b)  -> (artifact id: '439b018fa34793f2798f11decb24b276') in 0.018941 seconds
  Import took 0.023417 seconds .

========================================================================
Received Import Request.
  Time since last request: 0.000317 seconds.
  path: Assets/Sprites/Tiles/Outdoors/OutdoorsGround_6.asset
  artifactKey: Guid(57cc311f0772d6243b57a3791ddbda17) Importer(815301076,1909f56bfc062723c751e8b465ee728b)
Start importing Assets/Sprites/Tiles/Outdoors/OutdoorsGround_6.asset using Guid(57cc311f0772d6243b57a3791ddbda17) Importer(815301076,1909f56bfc062723c751e8b465ee728b)  -> (artifact id: 'ff42653036968e966322eb2e7f96a02c') in 0.015902 seconds
  Import took 0.021017 seconds .

========================================================================
Received Import Request.
  Time since last request: 0.000819 seconds.
  path: Assets/Sprites/Tiles/Outdoors/OutdoorsGround_14.asset
  artifactKey: Guid(584af5f0200f07346b88e583287d48c8) Importer(815301076,1909f56bfc062723c751e8b465ee728b)
Start importing Assets/Sprites/Tiles/Outdoors/OutdoorsGround_14.asset using Guid(584af5f0200f07346b88e583287d48c8) Importer(815301076,1909f56bfc062723c751e8b465ee728b)  -> (artifact id: '0ef5b57d90b182ce3dc6bcc18d57b965') in 0.019268 seconds
  Import took 0.024987 seconds .

========================================================================
Received Import Request.
  Time since last request: 0.000439 seconds.
  path: Assets/Sprites/Tiles/Outdoors/OutdoorsGround_16.asset
  artifactKey: Guid(30d2275de82c6e642a6f8b525f19755d) Importer(815301076,1909f56bfc062723c751e8b465ee728b)
Start importing Assets/Sprites/Tiles/Outdoors/OutdoorsGround_16.asset using Guid(30d2275de82c6e642a6f8b525f19755d) Importer(815301076,1909f56bfc062723c751e8b465ee728b)  -> (artifact id: '3508750876796f266717e1417f524c72') in 0.017255 seconds
  Import took 0.021642 seconds .

========================================================================
Received Import Request.
  Time since last request: 0.000325 seconds.
  path: Assets/Sprites/Tiles/Outdoors/OutdoorsGround_20.asset
  artifactKey: Guid(188000b69de88b94993aa1d69ac44436) Importer(815301076,1909f56bfc062723c751e8b465ee728b)
Start importing Assets/Sprites/Tiles/Outdoors/OutdoorsGround_20.asset using Guid(188000b69de88b94993aa1d69ac44436) Importer(815301076,1909f56bfc062723c751e8b465ee728b)  -> (artifact id: '076d6eb7eb6af1daf75f11a0b1326f6c') in 0.030478 seconds
  Import took 0.037832 seconds .

========================================================================
Received Import Request.
  Time since last request: 0.009971 seconds.
  path: Assets/Sprites/Tiles/Outdoors/OutdoorsGround_20.asset
  artifactKey: Guid(188000b69de88b94993aa1d69ac44436) Importer(815301076,1909f56bfc062723c751e8b465ee728b)
Start importing Assets/Sprites/Tiles/Outdoors/OutdoorsGround_20.asset using Guid(188000b69de88b94993aa1d69ac44436) Importer(815301076,1909f56bfc062723c751e8b465ee728b)  -> (artifact id: '076d6eb7eb6af1daf75f11a0b1326f6c') in 0.019361 seconds
  Import took 0.028166 seconds .

========================================================================
Received Import Request.
  Time since last request: 901.834169 seconds.
  path: Assets/TilePalettes/Outdoor Objects.prefab
  artifactKey: Guid(cbe7eb758ee485d4a8a631b25a222d31) Importer(815301076,1909f56bfc062723c751e8b465ee728b)
Start importing Assets/TilePalettes/Outdoor Objects.prefab using Guid(cbe7eb758ee485d4a8a631b25a222d31) Importer(815301076,1909f56bfc062723c751e8b465ee728b)  -> (artifact id: '199962bf37760a418d271430e1d71d7e') in 0.007132 seconds
  Import took 0.012416 seconds .

========================================================================
Received Import Request.
  Time since last request: 0.000388 seconds.
  path: Assets/TilePalettes/Outdoor Tiles.prefab
  artifactKey: Guid(a2ed94359ed8c594d8a31c211b7a42f7) Importer(815301076,1909f56bfc062723c751e8b465ee728b)
Start importing Assets/TilePalettes/Outdoor Tiles.prefab using Guid(a2ed94359ed8c594d8a31c211b7a42f7) Importer(815301076,1909f56bfc062723c751e8b465ee728b)  -> (artifact id: '442adc134818504c9f58a63f9124dd13') in 0.005360 seconds
  Import took 0.009212 seconds .

========================================================================
Received Import Request.
  Time since last request: 85.144751 seconds.
  path: Assets/TilePalettes/Outdoor Objects.prefab
  artifactKey: Guid(cbe7eb758ee485d4a8a631b25a222d31) Importer(815301076,1909f56bfc062723c751e8b465ee728b)
Start importing Assets/TilePalettes/Outdoor Objects.prefab using Guid(cbe7eb758ee485d4a8a631b25a222d31) Importer(815301076,1909f56bfc062723c751e8b465ee728b)  -> (artifact id: 'e166f1e29dcda17313eba76e96725eca') in 0.008137 seconds
  Import took 0.013096 seconds .

========================================================================
Received Import Request.
  Time since last request: 91.911921 seconds.
  path: Assets/TilePalettes/Outdoor Objects.prefab
  artifactKey: Guid(cbe7eb758ee485d4a8a631b25a222d31) Importer(815301076,1909f56bfc062723c751e8b465ee728b)
Start importing Assets/TilePalettes/Outdoor Objects.prefab using Guid(cbe7eb758ee485d4a8a631b25a222d31) Importer(815301076,1909f56bfc062723c751e8b465ee728b)  -> (artifact id: '5fb6b7c4ea596d90c08fb35274a662dd') in 0.006477 seconds
  Import took 0.010662 seconds .

========================================================================
Received Import Request.
  Time since last request: 9.326709 seconds.
  path: Assets/Sprites/Tiles/Objects/OutdoorsGround_0.asset
  artifactKey: Guid(25fa1ca317e84eb41b90a134095d936b) Importer(815301076,1909f56bfc062723c751e8b465ee728b)
Start importing Assets/Sprites/Tiles/Objects/OutdoorsGround_0.asset using Guid(25fa1ca317e84eb41b90a134095d936b) Importer(815301076,1909f56bfc062723c751e8b465ee728b)  -> (artifact id: 'ae7e66be47baa63189ec3d78abd67d74') in 0.011728 seconds
  Import took 0.016162 seconds .

========================================================================
Received Import Request.
  Time since last request: 0.000363 seconds.
  path: Assets/Sprites/Tiles/Objects/OutdoorsGround_24.asset
  artifactKey: Guid(6cfb3f40e6eadec4aa05a5d01c498611) Importer(815301076,1909f56bfc062723c751e8b465ee728b)
Start importing Assets/Sprites/Tiles/Objects/OutdoorsGround_24.asset using Guid(6cfb3f40e6eadec4aa05a5d01c498611) Importer(815301076,1909f56bfc062723c751e8b465ee728b)  -> (artifact id: 'ad4f2990815e020fac7d741d89aa88e9') in 0.012271 seconds
  Import took 0.015661 seconds .

========================================================================
Received Import Request.
  Time since last request: 0.000506 seconds.
  path: Assets/Sprites/Tiles/Objects/OutdoorsGround_5.asset
  artifactKey: Guid(08e3262f5ca3ec74faeaa7ac428460d9) Importer(815301076,1909f56bfc062723c751e8b465ee728b)
Start importing Assets/Sprites/Tiles/Objects/OutdoorsGround_5.asset using Guid(08e3262f5ca3ec74faeaa7ac428460d9) Importer(815301076,1909f56bfc062723c751e8b465ee728b)  -> (artifact id: 'b5723d0d8df4ff87171ba20ee9fa5773') in 0.012223 seconds
  Import took 0.017792 seconds .

========================================================================
Received Import Request.
  Time since last request: 0.000388 seconds.
  path: Assets/Sprites/Tiles/Objects/OutdoorsGround_8.asset
  artifactKey: Guid(967fa0d45781f3742949fa16d4217f99) Importer(815301076,1909f56bfc062723c751e8b465ee728b)
Start importing Assets/Sprites/Tiles/Objects/OutdoorsGround_8.asset using Guid(967fa0d45781f3742949fa16d4217f99) Importer(815301076,1909f56bfc062723c751e8b465ee728b)  -> (artifact id: '5879ba9c7e095579cda5a29dfc1af70d') in 0.015444 seconds
  Import took 0.019971 seconds .

========================================================================
Received Import Request.
  Time since last request: 0.000332 seconds.
  path: Assets/Sprites/Tiles/Objects/OutdoorsGround_4.asset
  artifactKey: Guid(b78a13b3e5827054582d44e6b1e0115a) Importer(815301076,1909f56bfc062723c751e8b465ee728b)
Start importing Assets/Sprites/Tiles/Objects/OutdoorsGround_4.asset using Guid(b78a13b3e5827054582d44e6b1e0115a) Importer(815301076,1909f56bfc062723c751e8b465ee728b)  -> (artifact id: 'afbf6bf77f374c06a803250fec817335') in 0.013383 seconds
  Import took 0.018880 seconds .

========================================================================
Received Import Request.
  Time since last request: 0.000402 seconds.
  path: Assets/Sprites/Tiles/Objects/OutdoorsGround_12.asset
  artifactKey: Guid(1a320ea6cbae5b04fbf9ba96c18e80d1) Importer(815301076,1909f56bfc062723c751e8b465ee728b)
Start importing Assets/Sprites/Tiles/Objects/OutdoorsGround_12.asset using Guid(1a320ea6cbae5b04fbf9ba96c18e80d1) Importer(815301076,1909f56bfc062723c751e8b465ee728b)  -> (artifact id: '739d3b4905be337589f6ee052e48bd0c') in 0.013860 seconds
  Import took 0.017047 seconds .

========================================================================
Received Import Request.
  Time since last request: 0.000361 seconds.
  path: Assets/Sprites/Tiles/Objects/OutdoorsGround_19.asset
  artifactKey: Guid(b3cfe7e7072782349a813c17b4cf4e49) Importer(815301076,1909f56bfc062723c751e8b465ee728b)
Start importing Assets/Sprites/Tiles/Objects/OutdoorsGround_19.asset using Guid(b3cfe7e7072782349a813c17b4cf4e49) Importer(815301076,1909f56bfc062723c751e8b465ee728b)  -> (artifact id: '087e329bdab919ca90d8b8843a5fc85c') in 0.016271 seconds
  Import took 0.021146 seconds .

========================================================================
Received Import Request.
  Time since last request: 0.000312 seconds.
  path: Assets/Sprites/Tiles/Objects/OutdoorsGround_11.asset
  artifactKey: Guid(4873f6f24d1619b4bbc58ca5d4108ae1) Importer(815301076,1909f56bfc062723c751e8b465ee728b)
Start importing Assets/Sprites/Tiles/Objects/OutdoorsGround_11.asset using Guid(4873f6f24d1619b4bbc58ca5d4108ae1) Importer(815301076,1909f56bfc062723c751e8b465ee728b)  -> (artifact id: '073f35cd1e597f49e82d0ae775f6df86') in 0.011077 seconds
  Import took 0.017060 seconds .

========================================================================
Received Import Request.
  Time since last request: 0.000453 seconds.
  path: Assets/Sprites/Tiles/Objects/OutdoorsGround_23.asset
  artifactKey: Guid(70cb8d0cfe5f86f4db834f775027db3e) Importer(815301076,1909f56bfc062723c751e8b465ee728b)
Start importing Assets/Sprites/Tiles/Objects/OutdoorsGround_23.asset using Guid(70cb8d0cfe5f86f4db834f775027db3e) Importer(815301076,1909f56bfc062723c751e8b465ee728b)  -> (artifact id: '1fa2a54a8384034b7d8f542903b46909') in 0.013493 seconds
  Import took 0.017766 seconds .

========================================================================
Received Import Request.
  Time since last request: 0.000266 seconds.
  path: Assets/Sprites/Tiles/Objects/OutdoorsGround_3.asset
  artifactKey: Guid(95fdee4821ce91d46b0d1aa4080aaf08) Importer(815301076,1909f56bfc062723c751e8b465ee728b)
Start importing Assets/Sprites/Tiles/Objects/OutdoorsGround_3.asset using Guid(95fdee4821ce91d46b0d1aa4080aaf08) Importer(815301076,1909f56bfc062723c751e8b465ee728b)  -> (artifact id: '91afda135bd215e04ff48a75e9c71c74') in 0.016631 seconds
  Import took 0.020397 seconds .

========================================================================
Received Import Request.
  Time since last request: 0.000375 seconds.
  path: Assets/Sprites/Tiles/Objects/OutdoorsGround_21.asset
  artifactKey: Guid(02de5c8553504b04d810c00ac6466cea) Importer(815301076,1909f56bfc062723c751e8b465ee728b)
Start importing Assets/Sprites/Tiles/Objects/OutdoorsGround_21.asset using Guid(02de5c8553504b04d810c00ac6466cea) Importer(815301076,1909f56bfc062723c751e8b465ee728b)  -> (artifact id: '7c8ec7f3feffc715f593398789c4bb9e') in 0.013691 seconds
  Import took 0.016982 seconds .

========================================================================
Received Import Request.
  Time since last request: 0.000456 seconds.
  path: Assets/Sprites/Tiles/Objects/OutdoorsGround_18.asset
  artifactKey: Guid(354190b275aad9e4285dccd54d9fb795) Importer(815301076,1909f56bfc062723c751e8b465ee728b)
Start importing Assets/Sprites/Tiles/Objects/OutdoorsGround_18.asset using Guid(354190b275aad9e4285dccd54d9fb795) Importer(815301076,1909f56bfc062723c751e8b465ee728b)  -> (artifact id: 'eae324834e5590d397aca21bf51b8599') in 0.012817 seconds
  Import took 0.017327 seconds .

========================================================================
Received Import Request.
  Time since last request: 0.000544 seconds.
  path: Assets/Sprites/Tiles/Objects/OutdoorsGround_7.asset
  artifactKey: Guid(98eddc87093cdf94282c25111bac046d) Importer(815301076,1909f56bfc062723c751e8b465ee728b)
Start importing Assets/Sprites/Tiles/Objects/OutdoorsGround_7.asset using Guid(98eddc87093cdf94282c25111bac046d) Importer(815301076,1909f56bfc062723c751e8b465ee728b)  -> (artifact id: '32dd20066bec39e39f6fa57180aafd84') in 0.012827 seconds
  Import took 0.019236 seconds .

========================================================================
Received Import Request.
  Time since last request: 0.000466 seconds.
  path: Assets/Sprites/Tiles/Objects/OutdoorsGround_9.asset
  artifactKey: Guid(fc9a144f6d9a1174a9362b34038aa173) Importer(815301076,1909f56bfc062723c751e8b465ee728b)
Start importing Assets/Sprites/Tiles/Objects/OutdoorsGround_9.asset using Guid(fc9a144f6d9a1174a9362b34038aa173) Importer(815301076,1909f56bfc062723c751e8b465ee728b)  -> (artifact id: '6291e685f0d7bf4ebb28284be8a3f99f') in 0.015296 seconds
  Import took 0.020930 seconds .

========================================================================
Received Import Request.
  Time since last request: 0.000260 seconds.
  path: Assets/Sprites/Tiles/Objects/OutdoorsGround_6.asset
  artifactKey: Guid(c2b7cf50073d7b54d9fafb006ea8c3df) Importer(815301076,1909f56bfc062723c751e8b465ee728b)
Start importing Assets/Sprites/Tiles/Objects/OutdoorsGround_6.asset using Guid(c2b7cf50073d7b54d9fafb006ea8c3df) Importer(815301076,1909f56bfc062723c751e8b465ee728b)  -> (artifact id: 'c634856c0091eba852ca1f04e664d394') in 0.013831 seconds
  Import took 0.017726 seconds .

========================================================================
Received Import Request.
  Time since last request: 0.000255 seconds.
  path: Assets/Sprites/Tiles/Objects/OutdoorsGround_2.asset
  artifactKey: Guid(cbbc6413bb3fb364c9cdacd14f29f2dc) Importer(815301076,1909f56bfc062723c751e8b465ee728b)
Start importing Assets/Sprites/Tiles/Objects/OutdoorsGround_2.asset using Guid(cbbc6413bb3fb364c9cdacd14f29f2dc) Importer(815301076,1909f56bfc062723c751e8b465ee728b)  -> (artifact id: 'afa9ff0ed5ecc9160df62d0b37db44f7') in 0.014670 seconds
  Import took 0.018007 seconds .

========================================================================
Received Import Request.
  Time since last request: 0.000274 seconds.
  path: Assets/Sprites/Tiles/Objects/OutdoorsGround_14.asset
  artifactKey: Guid(426287ab5406fb142bd639689fb9c358) Importer(815301076,1909f56bfc062723c751e8b465ee728b)
Start importing Assets/Sprites/Tiles/Objects/OutdoorsGround_14.asset using Guid(426287ab5406fb142bd639689fb9c358) Importer(815301076,1909f56bfc062723c751e8b465ee728b)  -> (artifact id: '08ef433175bab0f5370e3439a6c195a5') in 0.014902 seconds
  Import took 0.018795 seconds .

========================================================================
Received Import Request.
  Time since last request: 0.000677 seconds.
  path: Assets/Sprites/Tiles/Objects/OutdoorsGround_20.asset
  artifactKey: Guid(d2c94e1e1f17e394a8d40cdb78f8b22e) Importer(815301076,1909f56bfc062723c751e8b465ee728b)
Start importing Assets/Sprites/Tiles/Objects/OutdoorsGround_20.asset using Guid(d2c94e1e1f17e394a8d40cdb78f8b22e) Importer(815301076,1909f56bfc062723c751e8b465ee728b)  -> (artifact id: '3774ecfefd3ae53f6800143c5e005142') in 0.017066 seconds
  Import took 0.027257 seconds .

========================================================================
Received Import Request.
  Time since last request: 0.000829 seconds.
  path: Assets/Sprites/Tiles/Objects/OutdoorsGround_10.asset
  artifactKey: Guid(201353cd7abf4f44b97c1d1503175e9c) Importer(815301076,1909f56bfc062723c751e8b465ee728b)
Start importing Assets/Sprites/Tiles/Objects/OutdoorsGround_10.asset using Guid(201353cd7abf4f44b97c1d1503175e9c) Importer(815301076,1909f56bfc062723c751e8b465ee728b)  -> (artifact id: '1e7e5f81a62fd993f7b96f7765715188') in 0.021549 seconds
  Import took 0.027331 seconds .

========================================================================
Received Import Request.
  Time since last request: 0.000483 seconds.
  path: Assets/Sprites/Tiles/Objects/OutdoorsGround_1.asset
  artifactKey: Guid(9cd77ed1a35756843800447661aa884e) Importer(815301076,1909f56bfc062723c751e8b465ee728b)
Start importing Assets/Sprites/Tiles/Objects/OutdoorsGround_1.asset using Guid(9cd77ed1a35756843800447661aa884e) Importer(815301076,1909f56bfc062723c751e8b465ee728b)  -> (artifact id: 'b36414f58d93abd5286b4d17db47ce1e') in 0.012447 seconds
  Import took 0.017803 seconds .

========================================================================
Received Import Request.
  Time since last request: 0.000295 seconds.
  path: Assets/Sprites/Tiles/Objects/OutdoorsGround_22.asset
  artifactKey: Guid(6de520b49e132e044b27b8999606181c) Importer(815301076,1909f56bfc062723c751e8b465ee728b)
Start importing Assets/Sprites/Tiles/Objects/OutdoorsGround_22.asset using Guid(6de520b49e132e044b27b8999606181c) Importer(815301076,1909f56bfc062723c751e8b465ee728b)  -> (artifact id: 'd995ad2fa4b312ce1f66476fa231c84e') in 0.011865 seconds
  Import took 0.018181 seconds .

========================================================================
Received Import Request.
  Time since last request: 0.000349 seconds.
  path: Assets/Sprites/Tiles/Objects/OutdoorsGround_13.asset
  artifactKey: Guid(c428a108ab2d877468d058949f509179) Importer(815301076,1909f56bfc062723c751e8b465ee728b)
Start importing Assets/Sprites/Tiles/Objects/OutdoorsGround_13.asset using Guid(c428a108ab2d877468d058949f509179) Importer(815301076,1909f56bfc062723c751e8b465ee728b)  -> (artifact id: '01351fd96eac479b1d778ad09871830c') in 0.014545 seconds
  Import took 0.018220 seconds .

========================================================================
Received Import Request.
  Time since last request: 0.000215 seconds.
  path: Assets/Sprites/Tiles/Objects/OutdoorsGround_16.asset
  artifactKey: Guid(253197143614ed44db699a5376cb8084) Importer(815301076,1909f56bfc062723c751e8b465ee728b)
Start importing Assets/Sprites/Tiles/Objects/OutdoorsGround_16.asset using Guid(253197143614ed44db699a5376cb8084) Importer(815301076,1909f56bfc062723c751e8b465ee728b)  -> (artifact id: '357f1a85cf6a073eaad95f7e588d0f42') in 0.018316 seconds
  Import took 0.021574 seconds .

========================================================================
Received Import Request.
  Time since last request: 0.000358 seconds.
  path: Assets/Sprites/Tiles/Objects/OutdoorsGround_15.asset
  artifactKey: Guid(9f630ef245ba47f42952b96ffca94493) Importer(815301076,1909f56bfc062723c751e8b465ee728b)
Start importing Assets/Sprites/Tiles/Objects/OutdoorsGround_15.asset using Guid(9f630ef245ba47f42952b96ffca94493) Importer(815301076,1909f56bfc062723c751e8b465ee728b)  -> (artifact id: '5d6f4119c1a4ca1f525bd4a391341fc6') in 0.015620 seconds
  Import took 0.019840 seconds .

========================================================================
Received Import Request.
  Time since last request: 0.000248 seconds.
  path: Assets/Sprites/Tiles/Objects/OutdoorsGround_17.asset
  artifactKey: Guid(8f261755cf270994fb3e1546b0a91fb7) Importer(815301076,1909f56bfc062723c751e8b465ee728b)
Start importing Assets/Sprites/Tiles/Objects/OutdoorsGround_17.asset using Guid(8f261755cf270994fb3e1546b0a91fb7) Importer(815301076,1909f56bfc062723c751e8b465ee728b)  -> (artifact id: '5530370785aa3f7e3c944132a900878e') in 0.011208 seconds
  Import took 0.015342 seconds .

========================================================================
Received Import Request.
  Time since last request: 670.813612 seconds.
  path: ProjectSettings/TagManager.asset
  artifactKey: Guid(00000000000000003000000000000000) Importer(815301076,1909f56bfc062723c751e8b465ee728b)
Start importing ProjectSettings/TagManager.asset using Guid(00000000000000003000000000000000) Importer(815301076,1909f56bfc062723c751e8b465ee728b)  -> (artifact id: '3566fe178cf111d79f7b1666bd4d86ba') in 0.008349 seconds
  Import took 0.012182 seconds .

========================================================================
Received Import Request.
  Time since last request: 0.001948 seconds.
  path: ProjectSettings/TagManager.asset
  artifactKey: Guid(00000000000000003000000000000000) Importer(815301076,1909f56bfc062723c751e8b465ee728b)
Start importing ProjectSettings/TagManager.asset using Guid(00000000000000003000000000000000) Importer(815301076,1909f56bfc062723c751e8b465ee728b)  -> (artifact id: '3566fe178cf111d79f7b1666bd4d86ba') in 0.007084 seconds
  Import took 0.011619 seconds .

========================================================================
Received Import Request.
  Time since last request: 702.745557 seconds.
  path: ProjectSettings/TagManager.asset
  artifactKey: Guid(00000000000000003000000000000000) Importer(815301076,1909f56bfc062723c751e8b465ee728b)
Start importing ProjectSettings/TagManager.asset using Guid(00000000000000003000000000000000) Importer(815301076,1909f56bfc062723c751e8b465ee728b)  -> (artifact id: 'd1014f19494b8f16170c421f8269b493') in 0.010027 seconds
  Import took 0.015435 seconds .

========================================================================
Received Import Request.
  Time since last request: 0.000471 seconds.
  path: ProjectSettings/TagManager.asset
  artifactKey: Guid(00000000000000003000000000000000) Importer(815301076,1909f56bfc062723c751e8b465ee728b)
Start importing ProjectSettings/TagManager.asset using Guid(00000000000000003000000000000000) Importer(815301076,1909f56bfc062723c751e8b465ee728b)  -> (artifact id: 'd1014f19494b8f16170c421f8269b493') in 0.006201 seconds
  Import took 0.011188 seconds .

========================================================================
Received Prepare
Registering precompiled user dll's ...
Registered in 0.003262 seconds.
Begin MonoManager ReloadAssembly
Native extension for WindowsStandalone target not found
Native extension for WebGL target not found
Refreshing native plugins compatible for Editor in 0.48 ms, found 1 plugins.
Preloading 0 native plugins for Editor in 0.00 ms.
Invoked RoslynAnalysisRunner static constructor.
RoslynAnalysisRunner will not be running.
RoslynAnalysisRunner has terminated.
Mono: successfully reloaded assembly
- Completed reload, in  1.453 seconds
Platform modules already initialized, skipping
Refreshing native plugins compatible for Editor in 0.76 ms, found 1 plugins.
Preloading 0 native plugins for Editor in 0.00 ms.
Unloading 1802 Unused Serialized files (Serialized files now loaded: 0)
System memory in use before: 88.0 MB.
System memory in use after: 88.0 MB.

Unloading 16 unused Assets to reduce memory usage. Loaded Objects now: 2262.
Total: 5.224500 ms (FindLiveObjects: 0.802400 ms CreateObjectMapping: 0.226400 ms MarkObjects: 3.963900 ms  DeleteObjects: 0.226800 ms)

========================================================================
Received Prepare
Registering precompiled user dll's ...
Registered in 0.001280 seconds.
Begin MonoManager ReloadAssembly
Native extension for WindowsStandalone target not found
Native extension for WebGL target not found
Refreshing native plugins compatible for Editor in 0.46 ms, found 1 plugins.
Preloading 0 native plugins for Editor in 0.00 ms.
Invoked RoslynAnalysisRunner static constructor.
RoslynAnalysisRunner will not be running.
RoslynAnalysisRunner has terminated.
Mono: successfully reloaded assembly
- Completed reload, in  1.055 seconds
Platform modules already initialized, skipping
Refreshing native plugins compatible for Editor in 0.36 ms, found 1 plugins.
Preloading 0 native plugins for Editor in 0.00 ms.
Unloading 1802 Unused Serialized files (Serialized files now loaded: 0)
System memory in use before: 88.0 MB.
System memory in use after: 88.0 MB.

Unloading 12 unused Assets to reduce memory usage. Loaded Objects now: 2266.
Total: 2.040300 ms (FindLiveObjects: 0.233000 ms CreateObjectMapping: 0.069500 ms MarkObjects: 1.635200 ms  DeleteObjects: 0.101300 ms)

========================================================================
Received Import Request.
  Time since last request: 771.512046 seconds.
  path: Assets/Sprites/Tiles/Objects/OutdoorsObjects_0.asset
  artifactKey: Guid(57c29cee1bccdd942bcaaf942485e8ab) Importer(815301076,1909f56bfc062723c751e8b465ee728b)
Start importing Assets/Sprites/Tiles/Objects/OutdoorsObjects_0.asset using Guid(57c29cee1bccdd942bcaaf942485e8ab) Importer(815301076,1909f56bfc062723c751e8b465ee728b)  -> (artifact id: '306b27cffdf4d79f6cb5ea2de3f21ed5') in 0.056400 seconds
  Import took 0.061490 seconds .

========================================================================
Received Import Request.
  Time since last request: 0.000374 seconds.
  path: Assets/Sprites/Tiles/Objects/OutdoorsObjects_16.asset
  artifactKey: Guid(02acd06fa4add1e48a1c8b606c959052) Importer(815301076,1909f56bfc062723c751e8b465ee728b)
Start importing Assets/Sprites/Tiles/Objects/OutdoorsObjects_16.asset using Guid(02acd06fa4add1e48a1c8b606c959052) Importer(815301076,1909f56bfc062723c751e8b465ee728b)  -> (artifact id: '96185ddfe608c8a9784f517242ff642c') in 0.017019 seconds
  Import took 0.021428 seconds .

========================================================================
Received Import Request.
  Time since last request: 0.000325 seconds.
  path: Assets/Sprites/Tiles/Objects/OutdoorsObjects_5.asset
  artifactKey: Guid(4a948fcd2c5c9ce44b23c242a8751e55) Importer(815301076,1909f56bfc062723c751e8b465ee728b)
Start importing Assets/Sprites/Tiles/Objects/OutdoorsObjects_5.asset using Guid(4a948fcd2c5c9ce44b23c242a8751e55) Importer(815301076,1909f56bfc062723c751e8b465ee728b)  -> (artifact id: 'ea4d91433d620a6e4c409af6de88c366') in 0.011870 seconds
  Import took 0.015341 seconds .

========================================================================
Received Import Request.
  Time since last request: 0.000483 seconds.
  path: Assets/Sprites/Tiles/Objects/OutdoorsObjects_11.asset
  artifactKey: Guid(c3041f7ae3e0fd745a32fb2072eb3e25) Importer(815301076,1909f56bfc062723c751e8b465ee728b)
Start importing Assets/Sprites/Tiles/Objects/OutdoorsObjects_11.asset using Guid(c3041f7ae3e0fd745a32fb2072eb3e25) Importer(815301076,1909f56bfc062723c751e8b465ee728b)  -> (artifact id: '5d5e6af3b411c674970eac51861ce7fc') in 0.017944 seconds
  Import took 0.022032 seconds .

========================================================================
Received Import Request.
  Time since last request: 0.000526 seconds.
  path: Assets/Sprites/Tiles/Objects/OutdoorsObjects_6.asset
  artifactKey: Guid(a73178a423937c544a6735802c98dccc) Importer(815301076,1909f56bfc062723c751e8b465ee728b)
Start importing Assets/Sprites/Tiles/Objects/OutdoorsObjects_6.asset using Guid(a73178a423937c544a6735802c98dccc) Importer(815301076,1909f56bfc062723c751e8b465ee728b)  -> (artifact id: '4c63c84bb6a9c446f19ddcefabd0f215') in 0.012578 seconds
  Import took 0.016804 seconds .

========================================================================
Received Import Request.
  Time since last request: 0.000279 seconds.
  path: Assets/Sprites/Tiles/Objects/OutdoorsObjects_7.asset
  artifactKey: Guid(bdeffb05e0c606f489f191665adec51d) Importer(815301076,1909f56bfc062723c751e8b465ee728b)
Start importing Assets/Sprites/Tiles/Objects/OutdoorsObjects_7.asset using Guid(bdeffb05e0c606f489f191665adec51d) Importer(815301076,1909f56bfc062723c751e8b465ee728b)  -> (artifact id: '878ca1378986b086be19522f1e6f4435') in 0.016667 seconds
  Import took 0.022248 seconds .

========================================================================
Received Import Request.
  Time since last request: 0.000407 seconds.
  path: Assets/Sprites/Tiles/Objects/OutdoorsObjects_10.asset
  artifactKey: Guid(981a2e70a5966354f877c2c16d6e32cb) Importer(815301076,1909f56bfc062723c751e8b465ee728b)
Start importing Assets/Sprites/Tiles/Objects/OutdoorsObjects_10.asset using Guid(981a2e70a5966354f877c2c16d6e32cb) Importer(815301076,1909f56bfc062723c751e8b465ee728b)  -> (artifact id: '00b4c4abdb5745da97a31ad21b69f4a6') in 0.014405 seconds
  Import took 0.017855 seconds .

========================================================================
Received Import Request.
  Time since last request: 0.000480 seconds.
  path: Assets/Sprites/Tiles/Objects/OutdoorsObjects_1.asset
  artifactKey: Guid(a1f95b044448f7f45918b432712ecdfb) Importer(815301076,1909f56bfc062723c751e8b465ee728b)
Start importing Assets/Sprites/Tiles/Objects/OutdoorsObjects_1.asset using Guid(a1f95b044448f7f45918b432712ecdfb) Importer(815301076,1909f56bfc062723c751e8b465ee728b)  -> (artifact id: '069585858ab10e6383233d604ac49e36') in 0.016914 seconds
  Import took 0.020597 seconds .

========================================================================
Received Import Request.
  Time since last request: 0.000377 seconds.
  path: Assets/Sprites/Tiles/Objects/OutdoorsObjects_17.asset
  artifactKey: Guid(437f417bc6e71204fbb8a4277e0e7887) Importer(815301076,1909f56bfc062723c751e8b465ee728b)
Start importing Assets/Sprites/Tiles/Objects/OutdoorsObjects_17.asset using Guid(437f417bc6e71204fbb8a4277e0e7887) Importer(815301076,1909f56bfc062723c751e8b465ee728b)  -> (artifact id: 'a4fcae0f178fc60554a94ab4bb06ba0d') in 0.012533 seconds
  Import took 0.017494 seconds .

========================================================================
Received Import Request.
  Time since last request: 0.000313 seconds.
  path: Assets/Sprites/Tiles/Objects/OutdoorsObjects_9.asset
  artifactKey: Guid(77f5501da1f671a488032a83a183b539) Importer(815301076,1909f56bfc062723c751e8b465ee728b)
Start importing Assets/Sprites/Tiles/Objects/OutdoorsObjects_9.asset using Guid(77f5501da1f671a488032a83a183b539) Importer(815301076,1909f56bfc062723c751e8b465ee728b)  -> (artifact id: '28c60b13c306ca656da249f8daad0a49') in 0.018474 seconds
  Import took 0.022555 seconds .

========================================================================
Received Import Request.
  Time since last request: 0.000852 seconds.
  path: Assets/Sprites/Tiles/Objects/OutdoorsObjects_13.asset
  artifactKey: Guid(1d8ad63e0d588234ab08a73bdbc44836) Importer(815301076,1909f56bfc062723c751e8b465ee728b)
Start importing Assets/Sprites/Tiles/Objects/OutdoorsObjects_13.asset using Guid(1d8ad63e0d588234ab08a73bdbc44836) Importer(815301076,1909f56bfc062723c751e8b465ee728b)  -> (artifact id: '3638857039cdaee4a577ca17bbc7f66b') in 0.011323 seconds
  Import took 0.015764 seconds .

========================================================================
Received Import Request.
  Time since last request: 0.000753 seconds.
  path: Assets/Sprites/Tiles/Objects/OutdoorsObjects_19.asset
  artifactKey: Guid(9ae369b82abce7445a9fbe1af0873a3f) Importer(815301076,1909f56bfc062723c751e8b465ee728b)
Start importing Assets/Sprites/Tiles/Objects/OutdoorsObjects_19.asset using Guid(9ae369b82abce7445a9fbe1af0873a3f) Importer(815301076,1909f56bfc062723c751e8b465ee728b)  -> (artifact id: 'a82bf30d08e1072587ac70a84636340e') in 0.018602 seconds
  Import took 0.023089 seconds .

========================================================================
Received Import Request.
  Time since last request: 0.000352 seconds.
  path: Assets/Sprites/Tiles/Objects/OutdoorsObjects_14.asset
  artifactKey: Guid(1486aac1f5dfc784b88f198b7da3e574) Importer(815301076,1909f56bfc062723c751e8b465ee728b)
Start importing Assets/Sprites/Tiles/Objects/OutdoorsObjects_14.asset using Guid(1486aac1f5dfc784b88f198b7da3e574) Importer(815301076,1909f56bfc062723c751e8b465ee728b)  -> (artifact id: '80a8325d1746c9c465bee58f363efbb5') in 0.019937 seconds
  Import took 0.023595 seconds .

========================================================================
Received Import Request.
  Time since last request: 0.000277 seconds.
  path: Assets/Sprites/Tiles/Objects/OutdoorsObjects_18.asset
  artifactKey: Guid(ae87c72d709e32d42959f4aa8bd7a067) Importer(815301076,1909f56bfc062723c751e8b465ee728b)
Start importing Assets/Sprites/Tiles/Objects/OutdoorsObjects_18.asset using Guid(ae87c72d709e32d42959f4aa8bd7a067) Importer(815301076,1909f56bfc062723c751e8b465ee728b)  -> (artifact id: 'b3bf786bdc6acfddb2a2f09ba394e147') in 0.011919 seconds
  Import took 0.019332 seconds .

========================================================================
Received Import Request.
  Time since last request: 0.000329 seconds.
  path: Assets/Sprites/Tiles/Objects/OutdoorsObjects_3.asset
  artifactKey: Guid(51b31701b97d8c84c8edd2ad6a014080) Importer(815301076,1909f56bfc062723c751e8b465ee728b)
Start importing Assets/Sprites/Tiles/Objects/OutdoorsObjects_3.asset using Guid(51b31701b97d8c84c8edd2ad6a014080) Importer(815301076,1909f56bfc062723c751e8b465ee728b)  -> (artifact id: 'd0826d7b4de057c796d67e49276bfd34') in 0.011601 seconds
  Import took 0.016824 seconds .

========================================================================
Received Import Request.
  Time since last request: 0.001301 seconds.
  path: Assets/Sprites/Tiles/Objects/OutdoorsObjects_4.asset
  artifactKey: Guid(7b8290301b419b54dac9a98f201e8975) Importer(815301076,1909f56bfc062723c751e8b465ee728b)
Start importing Assets/Sprites/Tiles/Objects/OutdoorsObjects_4.asset using Guid(7b8290301b419b54dac9a98f201e8975) Importer(815301076,1909f56bfc062723c751e8b465ee728b)  -> (artifact id: 'fca4d5566961da818e99c770b814dade') in 0.014373 seconds
  Import took 0.019195 seconds .

========================================================================
Received Import Request.
  Time since last request: 0.000305 seconds.
  path: Assets/Sprites/Tiles/Objects/OutdoorsObjects_2.asset
  artifactKey: Guid(446b81f97b665ed49b8fb47307668dd9) Importer(815301076,1909f56bfc062723c751e8b465ee728b)
Start importing Assets/Sprites/Tiles/Objects/OutdoorsObjects_2.asset using Guid(446b81f97b665ed49b8fb47307668dd9) Importer(815301076,1909f56bfc062723c751e8b465ee728b)  -> (artifact id: 'b2be61c90639df0b27b7edfa471fe84e') in 0.018387 seconds
  Import took 0.022843 seconds .

========================================================================
Received Import Request.
  Time since last request: 0.000446 seconds.
  path: Assets/Sprites/Tiles/Objects/OutdoorsObjects_8.asset
  artifactKey: Guid(13e28211b1cc52944930aa788253f0a9) Importer(815301076,1909f56bfc062723c751e8b465ee728b)
Start importing Assets/Sprites/Tiles/Objects/OutdoorsObjects_8.asset using Guid(13e28211b1cc52944930aa788253f0a9) Importer(815301076,1909f56bfc062723c751e8b465ee728b)  -> (artifact id: 'ee4c39f639a421daae01fbd9481476c5') in 0.012401 seconds
  Import took 0.020596 seconds .

========================================================================
Received Import Request.
  Time since last request: 0.000651 seconds.
  path: Assets/Sprites/Tiles/Objects/OutdoorsObjects_15.asset
  artifactKey: Guid(1e02c2e070368b442af523990abeb924) Importer(815301076,1909f56bfc062723c751e8b465ee728b)
Start importing Assets/Sprites/Tiles/Objects/OutdoorsObjects_15.asset using Guid(1e02c2e070368b442af523990abeb924) Importer(815301076,1909f56bfc062723c751e8b465ee728b)  -> (artifact id: '71cfc66f5795c0913a51ac189e5c285c') in 0.015349 seconds
  Import took 0.020028 seconds .

========================================================================
Received Import Request.
  Time since last request: 0.000324 seconds.
  path: Assets/Sprites/Tiles/Objects/OutdoorsObjects_12.asset
  artifactKey: Guid(9e6c8da9c969a4640848fb96601e584d) Importer(815301076,1909f56bfc062723c751e8b465ee728b)
Start importing Assets/Sprites/Tiles/Objects/OutdoorsObjects_12.asset using Guid(9e6c8da9c969a4640848fb96601e584d) Importer(815301076,1909f56bfc062723c751e8b465ee728b)  -> (artifact id: 'a6782290c3a10329f88e72ec7028ff40') in 0.016748 seconds
  Import took 0.021343 seconds .

========================================================================
Received Import Request.
  Time since last request: 0.000305 seconds.
  path: Assets/Sprites/Tiles/Objects/OutdoorsObjects_20.asset
  artifactKey: Guid(aef9138ff287eb6438aceed12f3dbcdb) Importer(815301076,1909f56bfc062723c751e8b465ee728b)
Start importing Assets/Sprites/Tiles/Objects/OutdoorsObjects_20.asset using Guid(aef9138ff287eb6438aceed12f3dbcdb) Importer(815301076,1909f56bfc062723c751e8b465ee728b)  -> (artifact id: '520cb1cdc9dac7a27d71a904c3224147') in 0.013386 seconds
  Import took 0.017795 seconds .

========================================================================
Received Import Request.
  Time since last request: 1.596183 seconds.
  path: Assets/TilePalettes/Outdoor Objects.prefab
  artifactKey: Guid(cbe7eb758ee485d4a8a631b25a222d31) Importer(815301076,1909f56bfc062723c751e8b465ee728b)
Start importing Assets/TilePalettes/Outdoor Objects.prefab using Guid(cbe7eb758ee485d4a8a631b25a222d31) Importer(815301076,1909f56bfc062723c751e8b465ee728b)  -> (artifact id: '78065a215fd13eb80c8c7d9fa62e79de') in 0.012636 seconds
  Import took 0.016833 seconds .

